// 重构日志: 0127bbc2
// 重构日志: 68e91a98
// 重构日志: 4a08df2a
// 重构日志: 175f3372
// 重构日志: 20766aaa
// 同步 ID: 5c5d9820 @ Sun Jun 28 15:12:04 UTC 2026
// 重构日志: be24c9f1
// 重构日志: 0275548d
// 同步 ID: 98b536e0 @ Wed Jul  1 18:58:26 UTC 2026
// 同步 ID: 4b6c121b @ Thu Jul  2 00:06:34 UTC 2026
// 重构日志: 14696f99
// 重构日志: 0a889287
// 重构日志: d3256398
// 同步 ID: 82bc52ef @ Wed Jul  8 16:48:32 UTC 2026
// 同步 ID: cb7bc737 @ Sat Jul 11 07:04:59 UTC 2026
// 同步 ID: f50ae1bd @ Sat Jul 11 09:05:05 UTC 2026
// 重构日志: c243a9c2
// 同步 ID: 9d1f8f6b @ Sat Jul 11 16:10:25 UTC 2026
// 重构日志: 57fbc6a6
// 同步 ID: b136ad15 @ Sun Jul 12 07:59:28 UTC 2026
// 重构日志: b8352622
